[ERROR] cds/Proxy_Table.cds:76:29-36: No artifact has been found with name “DAYDATE” (in entity:“ARTEC_PC_COND”/element:“CHANGED_AT”)
[ERROR] cds/Proxy_Table.cds:79:29-36: No artifact has been found with name “DAYDATE” (in entity:“ARTEC_PC_COND”/element:“CREATED_AT”)
[ERROR] cds/Proxy_Table.cds:91:29-36: No artifact has been found with name “DAYDATE” (in entity:“ARTEC_PC_COND”/element:“VALID_FROM”)
[ERROR] cds/Proxy_Table.cds:92:29-36: No artifact has been found with name “DAYDATE” (in entity:“ARTEC_PC_COND”/element:“VALID_TO”)
[ERROR] cds/Proxy_Table.cds:104:29-36: No artifact has been found with name “DAYDATE” (in entity:“ARTEC_PC_INV_H”/element:“CHANGED_AT”)
[ERROR] cds/Proxy_Table.cds:109:29-36: No artifact has been found with name “DAYDATE” (in entity:“ARTEC_PC_INV_H”/element:“CREATED_AT”)
[ERROR] cds/Proxy_Table.cds:119:29-36: No artifact has been found with name “DAYDATE” (in entity:“ARTEC_PC_INV_H”/element:“INV_DATE”)
[ERROR] cds/Proxy_Table.cds:148:30-37: No artifact has been found with name “DAYDATE” (in entity:“ARTEC_PC_INV_I”/element:“CHANGED_AT”)
[ERROR] cds/Proxy_Table.cds:150:30-37: No artifact has been found with name “DAYDATE” (in entity:“ARTEC_PC_INV_I”/element:“CREATED_AT”)
[ERROR] cds/Proxy_Table.cds:216:30-37: No artifact has been found with name “DAYDATE” (in entity:“ARTEC_PC_MATERIAL”/element:“CHANGED_AT”)
[ERROR] cds/Proxy_Table.cds:218:30-37: No artifact has been found with name “DAYDATE” (in entity:“ARTEC_PC_MATERIAL”/element:“CREATED_AT”)
[ERROR] cds/Proxy_Table.cds:234:29-36: No artifact has been found with name “DAYDATE” (in entity:“ARTEC_PC_PARTNERS”/element:“CHANGED_AT”)
[ERROR] cds/Proxy_Table.cds:238:29-36: No artifact has been found with name “DAYDATE” (in entity:“ARTEC_PC_PARTNERS”/element:“CREATED_AT”)
[ERROR] cds/Proxy_Table.cds:273:29-36: No artifact has been found with name “DAYDATE” (in entity:“ARTEC_PC_PG_CH”/element:“CHANGED_AT”)
[ERROR] cds/Proxy_Table.cds:276:29-36: No artifact has been found with name “DAYDATE” (in entity:“ARTEC_PC_PG_CH”/element:“CREATED_AT”)
[ERROR] cds/Proxy_Table.cds:306:29-36: No artifact has been found with name “DAYDATE” (in entity:“ARTEC_PC_PG_CS”/element:“CHANGED_AT”)
[ERROR] cds/Proxy_Table.cds:309:29-36: No artifact has been found with name “DAYDATE” (in entity:“ARTEC_PC_PG_CS”/element:“CREATED_AT”)
[ERROR] cds/Proxy_Table.cds:325:29-36: No artifact has been found with name “DAYDATE” (in entity:“ARTEC_PC_PG_H”/element:“CHANGED_AT”)
[ERROR] cds/Proxy_Table.cds:335:29-36: No artifact has been found with name “DAYDATE” (in entity:“ARTEC_PC_PG_H”/element:“CREATED_AT”)
[ERROR] cds/Proxy_Table.cds:344:29-36: No artifact has been found with name “DAYDATE” (in entity:“ARTEC_PC_PG_H”/element:“PG_PYMNT_DATE”)
[ERROR] cds/Proxy_Table.cds:368:29-36: No artifact has been found with name “DAYDATE” (in entity:“ARTEC_PC_PG_I”/element:“CHANGED_AT”)
[ERROR] cds/Proxy_Table.cds:370:29-36: No artifact has been found with name “DAYDATE” (in entity:“ARTEC_PC_PG_I”/element:“CHEQUE_DATE”)
[ERROR] cds/Proxy_Table.cds:372:29-36: No artifact has been found with name “DAYDATE” (in entity:“ARTEC_PC_PG_I”/element:“CREATED_AT”)
[ERROR] cds/Proxy_Table.cds:378:29-36: No artifact has been found with name “DAYDATE” (in entity:“ARTEC_PC_PG_I”/element:“INVOICE_DATE”)
[ERROR] cds/Proxy_Table.cds:448:29-36: No artifact has been found with name “DAYDATE” (in entity:“ARTEC_PC_SUBSCRIBER”/element:“CHANGED_AT”)
[ERROR] cds/Proxy_Table.cds:453:29-36: No artifact has been found with name “DAYDATE” (in entity:“ARTEC_PC_SUBSCRIBER”/element:“CREATED_AT”)
[ERROR] cds/Proxy_Table.cds:466:3-4: Extraneous ‘-’, expecting ‹Identifier›, ‘}’, ‘@’, ‘element’, ‘key’, ‘masked’, ‘virtual’
[ERROR] cds/Proxy_Table.cds:480:30-37: No artifact has been found with name “DAYDATE” (in entity:“ARTEC_PC_SUBSCRIPTION”/element:“CHANGED_AT”)
[ERROR] cds/Proxy_Table.cds:485:30-37: No artifact has been found with name “DAYDATE” (in entity:“ARTEC_PC_SUBSCRIPTION”/element:“CREATED_AT”)
[ERROR] cds/Proxy_Table.cds:506:30-37: No artifact has been found with name “DAYDATE” (in entity:“ARTEC_PC_SUBSCRIPTION”/element:“VALID_FROM”)
[ERROR] cds/Proxy_Table.cds:507:30-37: No artifact has been found with name “DAYDATE” (in entity:“ARTEC_PC_SUBSCRIPTION”/element:“VALID_TO”)
